[[32m  OK  [0m] Started Show Plymouth Boot Screen.
[[32m  OK  [0m] Reached target Paths.
[[32m  OK  [0m] Reached target Basic System.
%G[[32m  OK  [0m] Found device /dev/mapper/centos-root.
         Starting File System Check on /dev/mapper/centos-root...
[[32m  OK  [0m] Started File System Check on /dev/mapper/centos-root.
[[32m  OK  [0m] Started dracut initqueue hook.
         Mounting /sysroot...
[[32m  OK  [0m] Reached target Remote File Systems (Pre).
[[32m  OK  [0m] Reached target Remote File Systems.
[[32m  OK  [0m] Mounted /sysroot.
[[32m  OK  [0m] Reached target Initrd Root File System.
         Starting Reload Configuration from the Real Root...
[[32m  OK  [0m] Started Reload Configuration from the Real Root.
[[32m  OK  [0m] Reached target Initrd File Systems.
[[32m  OK  [0m] Reached target Initrd Default Target.
         Starting dracut pre-pivot and cleanup hook...
[[32m  OK  [0m] Started dracut pre-pivot and cleanup hook.
         Starting Cleaning Up and Shutting Down Daemons...
         Starting Plymouth switch root service...
[[32m  OK  [0m] Stopped target Timers.
[[32m  OK  [0m] Stopped Cleaning Up and Shutting Down Daemons.
[[32m  OK  [0m] Stopped dracut pre-pivot and cleanup hook.
         Stopping dracut pre-pivot and cleanup hook...
[[32m  OK  [0m] Stopped target Remote File Systems.
[[32m  OK  [0m] Stopped target Remote File Systems (Pre).
[[32m  OK  [0m] Stopped target Initrd Default Target.
[[32m  OK  [0m] Stopped dracut initqueue hook.
         Stopping dracut initqueue hook...
[[32m  OK  [0m] Stopped target Basic System.
[[32m  OK  [0m] Stopped target Slices.
[[32m  OK  [0m] Stopped target Sockets.
[[32m  OK  [0m] Stopped target Paths.
[[32m  OK  [0m] Stopped target System Initialization.
[[32m  OK  [0m] Stopped Apply Kernel Variables.
         Stopping Apply Kernel Variables...
[[32m  OK  [0m] Stopped target Local File Systems.
[[32m  OK  [0m] Stopped Load Kernel Modules.
         Stopping Load Kernel Modules...
[[32m  OK  [0m] Stopped target Swap.
[[32m  OK  [0m] Stopped udev Coldplug all Devices.
         Stopping udev Coldplug all Devices...
         Stopping udev Kernel Device Manager...
[[32m  OK  [0m] Stopped udev Kernel Device Manager.
[[32m  OK  [0m] Stopped Create Static Device Nodes in /dev.
         Stopping Create Static Device Nodes in /dev...
[[32m  OK  [0m] Stopped Create list of required sta...ce nodes for the current kernel.
         Stopping Create list of required st... nodes for the current kernel...
[[32m  OK  [0m] Stopped dracut pre-udev hook.
         Stopping dracut pre-udev hook...
[[32m  OK  [0m] Stopped dracut cmdline hook.
         Stopping dracut cmdline hook...
[[32m  OK  [0m] Closed udev Control Socket.
[[32m  OK  [0m] Closed udev Kernel Socket.
         Starting Cleanup udevd DB...
[[32m  OK  [0m] Started Cleanup udevd DB.
[[32m  OK  [0m] Reached target Switch Root.
[[32m  OK  [0m] Started Plymouth switch root service.
         Starting Switch Root...

Welcome to [0;31mCentOS Linux 7 (Core)[0m!

[[32m  OK  [0m] Stopped Switch Root.
[[32m  OK  [0m] Stopped Journal Service.
         Starting Journal Service...
[[32m  OK  [0m] Created slice system-getty.slice.
[[32m  OK  [0m] Listening on LVM2 metadata daemon socket.
[[32m  OK  [0m] Reached target Local Encrypted Volumes.
         Mounting POSIX Message Queue File System...
[[32m  OK  [0m] Stopped target Switch Root.
[[32m  OK  [0m] Stopped target Initrd File Systems.
[[32m  OK  [0m] Stopped target Initrd Root File System.
[[32m  OK  [0m] Created slice User and Session Slice.
[[32m  OK  [0m] Listening on LVM2 poll daemon socket.
[[32m  OK  [0m] Listening on /dev/initctl Compatibility Named Pipe.
[[32m  OK  [0m] Reached target Remote File Systems.
[[32m  OK  [0m] Reached target Paths.
[[32m  OK  [0m] Created slice system-systemd\x2dfsck.slice.
[[32m  OK  [0m] Listening on Device-mapper event daemon FIFOs.
         Mounting Huge Pages File System...
[[32m  OK  [0m] Set up automount Arbitrary Executab...ats File System Automount Point.
[[32m  OK  [0m] Reached target Slices.
         Mounting Debug File System...
[[32m  OK  [0m] Listening on Delayed Shutdown Socket.
[[32m  OK  [0m] Listening on udev Control Socket.
         Starting Create list of required st... nodes for the current kernel...
         Starting Read and set NIS domainname from /etc/sysconfig/network...
[[32m  OK  [0m] Listening on udev Kernel Socket.
         Starting Remount Root and Kernel File Systems...
         Starting Load Kernel Modules...
         Starting Monitoring of LVM2 mirrors... dmeventd or progress polling...
[[32m  OK  [0m] Created slice system-selinux\x2dpol...grate\x2dlocal\x2dchanges.slice.
[[32m  OK  [0m] Started Journal Service.
[[32m  OK  [0m] Started Create list of required sta...ce nodes for the current kernel.
         Starting Create Static Device Nodes in /dev...
[[32m  OK  [0m] Started Load Kernel Modules.
         Starting Apply Kernel Variables...
[[32m  OK  [0m] Mounted Huge Pages File System.
[[32m  OK  [0m] Mounted Debug File System.
[[32m  OK  [0m] Mounted POSIX Message Queue File System.
[[32m  OK  [0m] Started Remount Root and Kernel File Systems.
[[32m  OK  [0m] Started Apply Kernel Variables.
         Starting udev Coldplug all Devices...
         Starting Configure read-only root support...
[[32m  OK  [0m] Started Read and set NIS domainname from /etc/sysconfig/network.
[[32m  OK  [0m] Started LVM2 metadata daemon.
         Starting LVM2 metadata daemon...
[[32m  OK  [0m] Started udev Coldplug all Devices.
         Starting udev Wait for Complete Device Initialization...
[[32m  OK  [0m] Started Configure read-only root support.
[[32m  OK  [0m] Started Create Static Device Nodes in /dev.
         Starting udev Kernel Device Manager...
[[32m  OK  [0m] Started udev Kernel Device Manager.
%G[[32m  OK  [0m] Created slice system-lvm2\x2dpvscan.slice.
         Starting LVM2 PV scan on device 8:16...
         Starting LVM2 PV scan on device 8:2...
[[32m  OK  [0m] Found device /dev/mapper/centos-swap.
         Activating swap /dev/mapper/centos-swap...
[[32m  OK  [0m] Activated swap /dev/mapper/centos-swap.
[[32m  OK  [0m] Reached target Swap.
[[32m  OK  [0m] Started Monitoring of LVM2 mirrors,...ng dmeventd or progress polling.
[[32m  OK  [0m] Reached target Local File Systems (Pre).
[[32m  OK  [0m] Reached target Sound Card.
[[32m  OK  [0m] Found device /dev/mapper/centos-lvm_home.
         Starting File System Check on /dev/mapper/centos-lvm_home...
[[32m  OK  [0m] Found device /dev/md0.
         Starting File System Check on /dev/md0...
[[32m  OK  [0m] Started LVM2 PV scan on device 8:16.
[[32m  OK  [0m] Found device /dev/mapper/test_vg-boot.
         Starting File System Check on /dev/mapper/test_vg-boot...
[   30.003378] systemd-fsck[692]: /dev/mapper/test_vg-boot: clean, 341/63488 files, 160143/253952 blocks
[[32m  OK  [0m] Started File System Check on /dev/mapper/test_vg-boot.
[   30.017032] systemd-fsck[686]: /dev/md0: clean, 4434/524288 files, 132739/2094848 blocks
[   30.082965] systemd-fsck[677]: /dev/mapper/centos-lvm_home: clean, 11/65536 files, 12955/262144 blocks
         Mounting /boot...
[[32m  OK  [0m] Started File System Check on /dev/mapper/centos-lvm_home.
[[32m  OK  [0m] Started File System Check on /dev/md0.
         Mounting /var...
         Mounting /home...
[[32m  OK  [0m] Started LVM2 PV scan on device 8:2.
[[32m  OK  [0m] Mounted /var.
         Starting Flush Journal to Persistent Storage...
         Starting Load/Save Random Seed...
[[32m  OK  [0m] Mounted /boot.
[[32m  OK  [0m] Started Load/Save Random Seed.
[[32m  OK  [0m] Started Flush Journal to Persistent Storage.
[[32m  OK  [0m] Mounted /home.
[[32m  OK  [0m] Started udev Wait for Complete Device Initialization.
         Starting Import ZFS pools by cache file...
[[1;31mFAILED[0m] Failed to start Import ZFS pools by cache file.
See 'systemctl status zfs-import-cache.service' for details.
[[32m  OK  [0m] Reached target ZFS pool import target.
         Starting Mount ZFS filesystems...
[[32m  OK  [0m] Started Mount ZFS filesystems.
[[32m  OK  [0m] Reached target Local File Systems.
         Starting Tell Plymouth To Write Out Runtime Data...
         Starting Import network configuration from initramfs...
[[32m  OK  [0m] Started Tell Plymouth To Write Out Runtime Data.
[[32m  OK  [0m] Started Import network configuration from initramfs.
         Starting Create Volatile Files and Directories...
[[32m  OK  [0m] Started Create Volatile Files and Directories.
         Starting Security Auditing Service...
[[32m  OK  [0m] Started Security Auditing Service.
         Starting Update UTMP about System Boot/Shutdown...
[[32m  OK  [0m] Started Update UTMP about System Boot/Shutdown.
[[32m  OK  [0m] Reached target System Initialization.
[[32m  OK  [0m] Listening on D-Bus System Message Bus Socket.
[[32m  OK  [0m] Reached target Sockets.
[[32m  OK  [0m] Reached target Basic System.
[[32m  OK  [0m] Started ZFS Event Daemon (zed).
         Starting ZFS Event Daemon (zed)...
         Starting Resets System Activity Logs...
         Starting ZFS file system shares...
         Starting Permit User Sessions...
[[32m  OK  [0m] Started D-Bus System Message Bus.
         Starting D-Bus System Message Bus...
[[32m  OK  [0m] Started irqbalance daemon.
         Starting irqbalance daemon...
         Starting NTP client/server...
         Starting Dump dmesg to /var/log/dmesg...
         Starting Login Service...
         Starting Builds and install new kernel modules through DKMS...
         Starting Authorization Manager...
[[32m  OK  [0m] Reached target Timers.
[[32m  OK  [0m] Started Resets System Activity Logs.
[[32m  OK  [0m] Started Permit User Sessions.
[[32m  OK  [0m] Started ZFS file system shares.
[[32m  OK  [0m] Reached target ZFS startup target.
         Starting Wait for Plymouth Boot Screen to Quit...
[[32m  OK  [0m] Started Command Scheduler.
         Starting Command Scheduler...
         Starting Terminate Plymouth Boot Screen...
