Jul 30 03:10:31 Updated: libgcc-4.8.5-28.el7_5.1.x86_64
Jul 30 03:10:32 Updated: 1:grub2-common-2.02-0.65.el7.centos.2.noarch
Jul 30 03:10:33 Updated: 1:grub2-pc-modules-2.02-0.65.el7.centos.2.noarch
Jul 30 03:10:33 Updated: firewalld-filesystem-0.4.4.4-14.el7.noarch
Jul 30 03:10:35 Updated: tzdata-2018e-3.el7.noarch
Jul 30 03:10:35 Updated: ncurses-base-5.9-14.20130511.el7_4.noarch
Jul 30 03:10:35 Updated: nss-softokn-freebl-3.36.0-5.el7_5.x86_64
Jul 30 03:10:45 Updated: glibc-common-2.17-222.el7.x86_64
Jul 30 03:10:48 Updated: glibc-2.17-222.el7.x86_64
Jul 30 03:10:49 Updated: nspr-4.19.0-1.el7_5.x86_64
Jul 30 03:10:49 Updated: nss-util-3.36.0-1.el7_5.x86_64
Jul 30 03:10:49 Updated: libstdc++-4.8.5-28.el7_5.1.x86_64
Jul 30 03:10:49 Updated: ncurses-libs-5.9-14.20130511.el7_4.x86_64
Jul 30 03:10:50 Updated: bash-4.2.46-30.el7.x86_64
Jul 30 03:10:50 Updated: libsepol-2.5-8.1.el7.x86_64
Jul 30 03:10:50 Updated: libselinux-2.5-12.el7.x86_64
Jul 30 03:10:50 Updated: audit-libs-2.8.1-3.el7.x86_64
Jul 30 03:10:51 Updated: libcom_err-1.42.9-12.el7_5.x86_64
Jul 30 03:10:51 Updated: libuuid-2.23.2-52.el7.x86_64
Jul 30 03:10:51 Updated: libdb-5.3.21-24.el7.x86_64
Jul 30 03:10:51 Updated: info-5.1-5.el7.x86_64
Jul 30 03:10:51 Updated: elfutils-libelf-0.170-4.el7.x86_64
Jul 30 03:10:51 Updated: cpio-2.11-27.el7.x86_64
Jul 30 03:10:51 Updated: libattr-2.4.46-13.el7.x86_64
Jul 30 03:10:52 Updated: libacl-2.2.51-14.el7.x86_64
Jul 30 03:10:52 Updated: libsemanage-2.5-11.el7.x86_64
Jul 30 03:10:52 Updated: iptables-1.4.21-24.1.el7_5.x86_64
Jul 30 03:10:53 Updated: iproute-4.11.0-14.el7.x86_64
Jul 30 03:10:53 Updated: nss-softokn-3.36.0-5.el7_5.x86_64
Jul 30 03:10:53 Updated: 2:ethtool-4.8-7.el7.x86_64
Jul 30 03:10:53 Updated: pciutils-libs-3.5.1-3.el7.x86_64
Jul 30 03:10:53 Installed: lz4-1.7.5-2.el7.x86_64
Jul 30 03:10:53 Updated: 2:tar-1.26-34.el7.x86_64
Jul 30 03:10:54 Updated: acl-2.2.51-14.el7.x86_64
Jul 30 03:10:54 Updated: 2:vim-minimal-7.4.160-4.el7.x86_64
Jul 30 03:10:54 Updated: libdb-utils-5.3.21-24.el7.x86_64
Jul 30 03:10:54 Updated: libss-1.42.9-12.el7_5.x86_64
Jul 30 03:10:54 Updated: e2fsprogs-libs-1.42.9-12.el7_5.x86_64
Jul 30 03:10:54 Updated: libselinux-utils-2.5-12.el7.x86_64
Jul 30 03:10:56 Updated: ca-certificates-2018.2.22-70.0.el7_5.noarch
Jul 30 03:10:56 Updated: ncurses-5.9-14.20130511.el7_4.x86_64
Jul 30 03:10:56 Updated: 1:openssl-libs-1.0.2k-12.el7.x86_64
Jul 30 03:10:58 Updated: coreutils-8.22-21.el7.x86_64
Jul 30 03:10:58 Updated: krb5-libs-1.15.1-19.el7.x86_64
Jul 30 03:10:58 Updated: libpwquality-1.2.3-5.el7.x86_64
Jul 30 03:11:00 Updated: pam-1.1.8-22.el7.x86_64
Jul 30 03:11:00 Updated: libblkid-2.23.2-52.el7.x86_64
Jul 30 03:11:00 Updated: centos-release-7-5.1804.el7.centos.2.x86_64
Jul 30 03:11:00 Updated: libmount-2.23.2-52.el7.x86_64
Jul 30 03:11:01 Updated: glib2-2.54.2-2.el7.x86_64
Jul 30 03:11:01 Updated: shared-mime-info-1.8-4.el7.x86_64
Jul 30 03:11:01 Updated: gzip-1.5-10.el7.x86_64
Jul 30 03:11:05 Updated: python-libs-2.7.5-69.el7_5.x86_64
Jul 30 03:11:05 Updated: python-2.7.5-69.el7_5.x86_64
Jul 30 03:11:06 Updated: python-gobject-base-3.22.0-1.el7_4.1.x86_64
Jul 30 03:11:06 Updated: libselinux-python-2.5-12.el7.x86_64
Jul 30 03:11:06 Updated: python-slip-0.4.0-4.el7.noarch
Jul 30 03:11:06 Updated: python-slip-dbus-0.4.0-4.el7.noarch
Jul 30 03:11:06 Updated: python-firewall-0.4.4.4-14.el7.noarch
Jul 30 03:11:07 Updated: python-perf-3.10.0-862.9.1.el7.x86_64
Jul 30 03:11:07 Updated: setup-2.8.71-9.el7.noarch
Jul 30 03:11:09 Updated: filesystem-3.2-25.el7.x86_64
Jul 30 03:11:09 Updated: cyrus-sasl-lib-2.1.26-23.el7.x86_64
Jul 30 03:11:09 Updated: nss-3.36.0-5.el7_5.x86_64
Jul 30 03:11:09 Updated: nss-sysinit-3.36.0-5.el7_5.x86_64
Jul 30 03:11:10 Updated: nss-tools-3.36.0-5.el7_5.x86_64
Jul 30 03:11:10 Updated: libcurl-7.29.0-46.el7.x86_64
Jul 30 03:11:10 Updated: curl-7.29.0-46.el7.x86_64
Jul 30 03:11:10 Updated: rpm-libs-4.11.3-32.el7.x86_64
Jul 30 03:11:11 Updated: rpm-4.11.3-32.el7.x86_64
Jul 30 03:11:12 Updated: openldap-2.4.44-15.el7_5.x86_64
Jul 30 03:11:12 Updated: libuser-0.60-9.el7.x86_64
Jul 30 03:11:13 Updated: gnupg2-2.0.22-5.el7_5.x86_64
Jul 30 03:11:13 Updated: rpm-build-libs-4.11.3-32.el7.x86_64
Jul 30 03:11:13 Updated: rpm-python-4.11.3-32.el7.x86_64
Jul 30 03:11:13 Updated: yum-plugin-fastestmirror-1.1.31-45.el7.noarch
Jul 30 03:11:14 Updated: yum-3.4.3-158.el7.centos.noarch
Jul 30 03:11:16 Updated: binutils-2.27-28.base.el7_5.1.x86_64
Jul 30 03:11:16 Updated: logrotate-3.8.6-15.el7.x86_64
Jul 30 03:11:16 Updated: mozjs17-17.0.0-20.el7.x86_64
Jul 30 03:11:16 Updated: kernel-tools-libs-3.10.0-862.9.1.el7.x86_64
Jul 30 03:11:17 Updated: libteam-1.27-4.el7.x86_64
Jul 30 03:11:17 Updated: numactl-libs-2.0.9-7.el7.x86_64
Jul 30 03:11:17 Updated: kmod-libs-20-21.el7.x86_64
Jul 30 03:11:17 Updated: procps-ng-3.3.10-17.el7_5.2.x86_64
Jul 30 03:11:18 Updated: util-linux-2.23.2-52.el7.x86_64
Jul 30 03:11:18 Updated: kpartx-0.4.9-119.el7.x86_64
Jul 30 03:11:18 Updated: 7:device-mapper-1.02.146-4.el7.x86_64
Jul 30 03:11:19 Updated: 7:device-mapper-libs-1.02.146-4.el7.x86_64
Jul 30 03:11:19 Updated: cryptsetup-libs-1.7.4-4.el7.x86_64
Jul 30 03:11:20 Updated: dracut-033-535.el7.x86_64
Jul 30 03:11:20 Updated: kmod-20-21.el7.x86_64
Jul 30 03:11:20 Updated: elfutils-libs-0.170-4.el7.x86_64
Jul 30 03:11:21 Updated: systemd-libs-219-57.el7.x86_64
Jul 30 03:11:21 Updated: 1:dbus-libs-1.10.24-7.el7.x86_64
Jul 30 03:11:25 Updated: systemd-219-57.el7.x86_64
Jul 30 03:11:25 Updated: 1:dbus-1.10.24-7.el7.x86_64
Jul 30 03:11:25 Updated: elfutils-default-yama-scope-0.170-4.el7.noarch
Jul 30 03:11:26 Updated: initscripts-9.49.41-1.el7.x86_64
Jul 30 03:11:26 Installed: 1:grub2-tools-minimal-2.02-0.65.el7.centos.2.x86_64
Jul 30 03:11:27 Installed: 1:grub2-tools-2.02-0.65.el7.centos.2.x86_64
Jul 30 03:11:27 Updated: polkit-0.112-14.el7.x86_64
Jul 30 03:11:27 Updated: systemd-sysv-219-57.el7.x86_64
Jul 30 03:11:28 Updated: 1:wpa_supplicant-2.6-9.el7.x86_64
Jul 30 03:11:28 Updated: 12:dhcp-libs-4.2.5-68.el7.centos.1.x86_64
Jul 30 03:11:30 Updated: 1:NetworkManager-libnm-1.10.2-16.el7_5.x86_64
Jul 30 03:11:31 Updated: 1:NetworkManager-1.10.2-16.el7_5.x86_64
Jul 30 03:11:31 Updated: openssh-7.4p1-16.el7.x86_64
Jul 30 03:11:32 Updated: policycoreutils-2.5-22.el7.x86_64
Jul 30 03:11:46 Updated: selinux-policy-3.13.1-192.el7_5.4.noarch
Jul 30 03:11:46 Updated: 12:dhcp-common-4.2.5-68.el7.centos.1.x86_64
Jul 30 03:11:46 Installed: 1:grub2-tools-extra-2.02-0.65.el7.centos.2.x86_64
Jul 30 03:11:46 Updated: 1:grub2-pc-2.02-0.65.el7.centos.2.x86_64
Jul 30 03:11:46 Updated: ebtables-2.0.10-16.el7.x86_64
Jul 30 03:11:48 Updated: hwdata-0.252-8.8.el7.x86_64
Jul 30 03:11:48 Updated: libpciaccess-0.14-1.el7.x86_64
Jul 30 03:11:49 Updated: libdrm-2.4.83-2.el7.x86_64
Jul 30 03:11:49 Updated: cronie-anacron-1.4.11-19.el7.x86_64
Jul 30 03:11:49 Updated: cronie-1.4.11-19.el7.x86_64
Jul 30 03:11:49 Updated: teamd-1.27-4.el7.x86_64
Jul 30 03:11:49 Updated: plymouth-core-libs-0.8.9-0.31.20140113.el7.centos.x86_64
Jul 30 03:11:50 Updated: plymouth-scripts-0.8.9-0.31.20140113.el7.centos.x86_64
Jul 30 03:11:50 Updated: plymouth-0.8.9-0.31.20140113.el7.centos.x86_64
Jul 30 03:11:50 Updated: virt-what-1.18-4.el7.x86_64
Jul 30 03:12:05 Updated: linux-firmware-20180220-62.2.git6d51311.el7_5.noarch
Jul 30 03:12:05 Updated: 32:bind-license-9.9.4-61.el7.noarch
Jul 30 03:12:06 Updated: 32:bind-libs-lite-9.9.4-61.el7.x86_64
Jul 30 03:12:06 Updated: 12:dhclient-4.2.5-68.el7.centos.1.x86_64
Jul 30 03:12:06 Updated: dracut-network-033-535.el7.x86_64
Jul 30 03:12:07 Updated: kexec-tools-2.0.15-13.el7.x86_64
Jul 30 03:12:16 Installed: kernel-3.10.0-862.9.1.el7.x86_64
Jul 30 03:12:17 Updated: tuned-2.9.0-1.el7.noarch
Jul 30 03:12:17 Updated: 1:NetworkManager-team-1.10.2-16.el7_5.x86_64
Jul 30 03:12:17 Updated: firewalld-0.4.4.4-14.el7.noarch
Jul 30 03:12:18 Installed: 1:grub2-2.02-0.65.el7.centos.2.x86_64
Jul 30 03:12:36 Updated: selinux-policy-targeted-3.13.1-192.el7_5.4.noarch
Jul 30 03:12:36 Updated: openssh-clients-7.4p1-16.el7.x86_64
Jul 30 03:12:37 Updated: openssh-server-7.4p1-16.el7.x86_64
Jul 30 03:12:37 Updated: 1:NetworkManager-tui-1.10.2-16.el7_5.x86_64
Jul 30 03:12:37 Updated: 1:NetworkManager-wifi-1.10.2-16.el7_5.x86_64
Jul 30 03:12:37 Updated: audit-2.8.1-3.el7.x86_64
Jul 30 03:12:38 Updated: rsyslog-8.24.0-16.el7_5.4.x86_64
Jul 30 03:12:38 Updated: biosdevname-0.7.3-1.el7.x86_64
Jul 30 03:12:38 Updated: 2:microcode_ctl-2.1-29.2.el7_5.x86_64
Jul 30 03:12:38 Updated: 3:irqbalance-1.0.7-11.el7.x86_64
Jul 30 03:12:39 Updated: chrony-3.2-2.el7.x86_64
Jul 30 03:12:39 Updated: dracut-config-rescue-033-535.el7.x86_64
Jul 30 03:12:39 Updated: parted-3.1-29.el7.x86_64
Jul 30 03:12:39 Updated: kernel-tools-3.10.0-862.9.1.el7.x86_64
Jul 30 03:12:40 Updated: sudo-1.8.19p2-14.el7_5.x86_64
Jul 30 03:12:41 Updated: xfsprogs-4.5.0-15.el7.x86_64
Jul 30 03:12:41 Updated: e2fsprogs-1.42.9-12.el7_5.x86_64
Jul 30 03:12:41 Updated: 1:openssl-1.0.2k-12.el7.x86_64
Jul 30 03:12:42 Updated: alsa-lib-1.1.4.1-2.el7.x86_64
Jul 30 03:12:42 Updated: libgomp-4.8.5-28.el7_5.1.x86_64
Jul 30 03:12:42 Updated: iprutils-2.4.15.1-1.el7.x86_64
Jul 30 03:12:42 Updated: iwl6000-firmware-9.221.4.1-62.2.el7_5.noarch
Jul 30 03:12:43 Updated: iwl135-firmware-18.168.6.1-62.2.el7_5.noarch
Jul 30 03:12:43 Updated: iwl2000-firmware-18.168.6.1-62.2.el7_5.noarch
Jul 30 03:12:43 Updated: iwl3160-firmware-22.0.7.0-62.2.el7_5.noarch
Jul 30 03:12:43 Updated: iwl5150-firmware-8.24.2.2-62.2.el7_5.noarch
Jul 30 03:12:44 Updated: 1:iwl1000-firmware-39.31.5.1-62.2.el7_5.noarch
Jul 30 03:12:46 Updated: iwl7265-firmware-22.0.7.0-62.2.el7_5.noarch
Jul 30 03:12:46 Updated: iwl4965-firmware-228.61.2.24-62.2.el7_5.noarch
Jul 30 03:12:46 Updated: iwl6050-firmware-41.28.5.1-62.2.el7_5.noarch
Jul 30 03:12:46 Updated: iwl7260-firmware-22.0.7.0-62.2.el7_5.noarch
Jul 30 03:12:47 Updated: iwl3945-firmware-15.32.2.9-62.2.el7_5.noarch
Jul 30 03:12:47 Updated: iwl100-firmware-39.31.5.1-62.2.el7_5.noarch
Jul 30 03:12:47 Updated: iwl105-firmware-18.168.6.1-62.2.el7_5.noarch
Jul 30 03:12:48 Updated: iwl2030-firmware-18.168.6.1-62.2.el7_5.noarch
Jul 30 03:12:48 Updated: iwl6000g2a-firmware-17.168.5.3-62.2.el7_5.noarch
Jul 30 03:12:48 Updated: iwl5000-firmware-8.83.5.1_1-62.2.el7_5.noarch
Jul 30 03:12:48 Updated: iwl6000g2b-firmware-17.168.5.2-62.2.el7_5.noarch
Jul 30 03:15:31 Installed: gpm-libs-1.20.7-5.el7.x86_64
Jul 30 03:15:31 Installed: 1:perl-parent-0.225-244.el7.noarch
Jul 30 03:15:31 Installed: perl-HTTP-Tiny-0.033-3.el7.noarch
Jul 30 03:15:31 Installed: perl-podlators-2.5.1-3.el7.noarch
Jul 30 03:15:31 Installed: perl-Pod-Perldoc-3.20-4.el7.noarch
Jul 30 03:15:31 Installed: 1:perl-Pod-Escapes-1.04-292.el7.noarch
Jul 30 03:15:31 Installed: perl-Text-ParseWords-3.29-4.el7.noarch
Jul 30 03:15:32 Installed: perl-Encode-2.51-7.el7.x86_64
Jul 30 03:15:32 Installed: perl-Pod-Usage-1.63-3.el7.noarch
Jul 30 03:15:32 Installed: 4:perl-macros-5.16.3-292.el7.x86_64
Jul 30 03:15:32 Installed: 4:perl-libs-5.16.3-292.el7.x86_64
Jul 30 03:15:32 Installed: perl-Storable-2.45-3.el7.x86_64
Jul 30 03:15:32 Installed: perl-Exporter-5.68-3.el7.noarch
Jul 30 03:15:33 Installed: perl-constant-1.27-2.el7.noarch
Jul 30 03:15:33 Installed: perl-Time-Local-1.2300-2.el7.noarch
Jul 30 03:15:33 Installed: perl-Socket-2.010-4.el7.x86_64
Jul 30 03:15:33 Installed: perl-Carp-1.26-244.el7.noarch
Jul 30 03:15:33 Installed: 4:perl-Time-HiRes-1.9725-3.el7.x86_64
Jul 30 03:15:33 Installed: perl-PathTools-3.40-5.el7.x86_64
Jul 30 03:15:33 Installed: perl-Scalar-List-Utils-1.27-248.el7.x86_64
Jul 30 03:15:33 Installed: perl-File-Temp-0.23.01-3.el7.noarch
Jul 30 03:15:33 Installed: perl-File-Path-2.09-2.el7.noarch
Jul 30 03:15:33 Installed: perl-threads-shared-1.43-6.el7.x86_64
Jul 30 03:15:33 Installed: perl-threads-1.87-4.el7.x86_64
Jul 30 03:15:33 Installed: perl-Filter-1.49-3.el7.x86_64
Jul 30 03:15:34 Installed: 1:perl-Pod-Simple-3.28-4.el7.noarch
Jul 30 03:15:34 Installed: perl-Getopt-Long-2.40-3.el7.noarch
Jul 30 03:15:38 Installed: 4:perl-5.16.3-292.el7.x86_64
Jul 30 03:15:38 Installed: 2:vim-filesystem-7.4.160-4.el7.x86_64
Jul 30 03:15:42 Installed: 2:vim-common-7.4.160-4.el7.x86_64
Jul 30 03:15:43 Installed: 2:vim-enhanced-7.4.160-4.el7.x86_64
Jul 30 03:15:44 Installed: 1:mc-4.8.7-11.el7.x86_64
Jul 30 03:30:51 Installed: mpfr-3.1.1-4.el7.x86_64
Jul 30 03:30:51 Installed: libmpc-1.0.1-3.el7.x86_64
Jul 30 03:30:51 Installed: apr-1.4.8-3.el7_4.1.x86_64
Jul 30 03:30:51 Installed: libquadmath-4.8.5-28.el7_5.1.x86_64
Jul 30 03:30:51 Installed: m4-1.4.16-10.el7.x86_64
Jul 30 03:30:51 Installed: apr-util-1.5.2-6.el7.x86_64
Jul 30 03:30:51 Installed: unzip-6.0-19.el7.x86_64
Jul 30 03:30:52 Installed: avahi-libs-0.6.31-19.el7.x86_64
Jul 30 03:30:52 Installed: patch-2.7.1-10.el7_5.x86_64
Jul 30 03:30:52 Installed: boost-system-1.53.0-27.el7.x86_64
Jul 30 03:30:52 Installed: 1:perl-Error-0.17020-2.el7.noarch
Jul 30 03:30:52 Installed: perl-Thread-Queue-3.02-2.el7.noarch
Jul 30 03:30:52 Installed: zip-3.0-11.el7.x86_64
Jul 30 03:30:52 Installed: boost-thread-1.53.0-27.el7.x86_64
Jul 30 03:30:52 Installed: libgfortran-4.8.5-28.el7_5.1.x86_64
Jul 30 03:30:54 Installed: cpp-4.8.5-28.el7_5.1.x86_64
Jul 30 03:30:54 Installed: perl-srpm-macros-1-8.el7.noarch
Jul 30 03:30:54 Installed: pakchois-0.4-10.el7.x86_64
Jul 30 03:30:54 Installed: dwz-0.11-3.el7.x86_64
Jul 30 03:30:54 Installed: redhat-rpm-config-9.1.0-80.el7.centos.noarch
Jul 30 03:30:54 Installed: boost-date-time-1.53.0-27.el7.x86_64
Jul 30 03:30:54 Installed: gettext-common-devel-0.19.8.1-2.el7.noarch
Jul 30 03:30:54 Installed: perl-TermReadKey-2.30-20.el7.x86_64
Jul 30 03:30:54 Installed: 1:emacs-filesystem-24.3-20.el7_4.noarch
Jul 30 03:30:56 Installed: rsync-3.1.2-4.el7.x86_64
Jul 30 03:30:56 Installed: bzip2-1.0.6-13.el7.x86_64
Jul 30 03:30:56 Installed: perl-Data-Dumper-2.145-3.el7.x86_64
Jul 30 03:30:56 Installed: autoconf-2.69-11.el7.noarch
Jul 30 03:30:56 Installed: libmodman-2.0.1-8.el7.x86_64
Jul 30 03:30:57 Installed: libproxy-0.4.11-11.el7.x86_64
Jul 30 03:30:58 Installed: gdb-7.6.1-110.el7.x86_64
Jul 30 03:30:58 Installed: elfutils-0.170-4.el7.x86_64
Jul 30 03:30:58 Installed: perl-Test-Harness-3.28-3.el7.noarch
Jul 30 03:30:58 Installed: automake-1.13.4-3.el7.noarch
Jul 30 03:31:00 Installed: libstdc++-devel-4.8.5-28.el7_5.1.x86_64
Jul 30 03:31:00 Installed: nettle-2.7.1-8.el7.x86_64
Jul 30 03:31:04 Installed: kernel-headers-3.10.0-862.9.1.el7.x86_64
Jul 30 03:31:05 Installed: glibc-headers-2.17-222.el7.x86_64
Jul 30 03:31:05 Installed: glibc-devel-2.17-222.el7.x86_64
Jul 30 03:31:08 Installed: gcc-4.8.5-28.el7_5.1.x86_64
Jul 30 03:31:08 Installed: libquadmath-devel-4.8.5-28.el7_5.1.x86_64
Jul 30 03:31:08 Installed: efivar-libs-31-4.el7.x86_64
Jul 30 03:31:08 Installed: mokutil-12-1.el7.centos.x86_64
Jul 30 03:31:09 Installed: libdwarf-20130207-4.el7.x86_64
Jul 30 03:31:10 Installed: dyninst-9.3.1-1.el7.x86_64
Jul 30 03:31:11 Installed: systemtap-runtime-3.2-8.el7_5.x86_64
Jul 30 03:31:51 Installed: kernel-debug-devel-3.10.0-862.9.1.el7.x86_64
Jul 30 03:31:53 Installed: systemtap-devel-3.2-8.el7_5.x86_64
Jul 30 03:31:56 Installed: systemtap-client-3.2-8.el7_5.x86_64
Jul 30 03:31:56 Installed: perl-XML-Parser-2.41-10.el7.x86_64
Jul 30 03:31:56 Installed: libgnome-keyring-3.12.0-1.el7.x86_64
Jul 30 03:31:56 Installed: perl-Git-1.8.3.1-14.el7_5.noarch
Jul 30 03:31:59 Installed: git-1.8.3.1-14.el7_5.x86_64
Jul 30 03:32:00 Installed: gettext-devel-0.19.8.1-2.el7.x86_64
Jul 30 03:32:00 Installed: trousers-0.3.14-2.el7.x86_64
Jul 30 03:32:01 Installed: gnutls-3.3.26-9.el7.x86_64
Jul 30 03:32:01 Installed: neon-0.30.0-3.el7.x86_64
Jul 30 03:32:01 Installed: subversion-libs-1.7.14-14.el7.x86_64
Jul 30 03:32:02 Installed: subversion-1.7.14-14.el7.x86_64
Jul 30 03:32:02 Installed: intltool-0.50.2-7.el7.noarch
Jul 30 03:32:03 Installed: systemtap-3.2-8.el7_5.x86_64
Jul 30 03:32:04 Installed: gcc-gfortran-4.8.5-28.el7_5.1.x86_64
Jul 30 03:32:06 Installed: gcc-c++-4.8.5-28.el7_5.1.x86_64
Jul 30 03:32:07 Installed: libtool-2.4.2-22.el7_3.x86_64
Jul 30 03:32:07 Installed: rpm-build-4.11.3-32.el7.x86_64
Jul 30 03:32:07 Installed: cscope-15.8-10.el7.x86_64
Jul 30 03:32:08 Installed: bison-3.0.4-1.el7.x86_64
Jul 30 03:32:08 Installed: flex-2.5.37-3.el7.x86_64
Jul 30 03:32:08 Installed: diffstat-1.57-4.el7.x86_64
Jul 30 03:32:08 Installed: rpm-sign-4.11.3-32.el7.x86_64
Jul 30 03:32:08 Installed: patchutils-0.3.3-4.el7.x86_64
Jul 30 03:32:08 Installed: indent-2.2.11-13.el7.x86_64
Jul 30 03:32:09 Installed: swig-2.0.10-5.el7.x86_64
Jul 30 03:32:10 Installed: rcs-5.9.0-5.el7.x86_64
Jul 30 03:32:13 Installed: 1:doxygen-1.8.5-3.el7.x86_64
Jul 30 03:32:13 Installed: byacc-1.9.20130304-3.el7.x86_64
Jul 30 03:32:13 Installed: ctags-5.8-13.el7.x86_64
Jul 30 04:09:22 Installed: bc-1.06.95-13.el7.x86_64
